{
  "stats": {
    "suites": 4,
    "tests": 16,
    "passes": 16,
    "pending": 0,
    "failures": 0,
    "start": "2025-11-06T00:00:25.743Z",
    "end": "2025-11-06T00:00:26.080Z",
    "duration": 337,
    "testsRegistered": 16,
    "passPercent": 100,
    "pendingPercent": 0,
    "other": 0,
    "hasOther": false,
    "skipped": 0,
    "hasSkipped": false
  },
  "results": [
    {
      "uuid": "26c138e5-50f3-4c48-bb5a-b2114275ce60",
      "title": "",
      "fullFile": "",
      "file": "",
      "beforeHooks": [
        {
          "title": "\"before all\" hook in \"{root}\"",
          "fullTitle": "\"before all\" hook in \"{root}\"",
          "timedOut": false,
          "duration": 10,
          "state": null,
          "speed": null,
          "pass": false,
          "fail": false,
          "pending": false,
          "context": null,
          "code": "this.timeout(15000);\nconst port = Number(process.env.PORT || 3000);\ncheckPortInUse(port, (alive) => {\n\tif (alive) return done();\n\t// Não está rodando: inicia o servidor programaticamente via app.listen\n\tprocess.env.PORT = String(port);\n\tconst app = require('../src/app');\n\tconst server = app.listen(port, () => {\n\t\tdone();\n\t});\n\tserver.on('error', (err) => {\n\t\t// Se ainda assim houver EADDRINUSE, apenas siga em frente para não quebrar a suíte\n\t\tif (err && err.code === 'EADDRINUSE') return done();\n\t\tdone(err);\n\t});\n});",
          "err": {},
          "uuid": "74cf1c8e-3007-4b41-ad26-2a8b66fc7f5f",
          "parentUUID": "26c138e5-50f3-4c48-bb5a-b2114275ce60",
          "isHook": true,
          "skipped": false
        }
      ],
      "afterHooks": [],
      "tests": [],
      "suites": [
        {
          "uuid": "eb9867fb-13f0-4fbe-99b2-c80483583cd5",
          "title": " Testes de Contratos",
          "fullFile": "C:\\Users\\Usuario\\OneDrive\\Área de Trabalho\\Projetos\\Projeto-de-Portifolio-Pessoal-M20\\tests\\contracts.test.js",
          "file": "\\tests\\contracts.test.js",
          "beforeHooks": [],
          "afterHooks": [],
          "tests": [
            {
              "title": "Deve criar contrato (POST /api/contracts)",
              "fullTitle": " Testes de Contratos Deve criar contrato (POST /api/contracts)",
              "timedOut": false,
              "duration": 124,
              "state": "passed",
              "speed": "slow",
              "pass": true,
              "fail": false,
              "pending": false,
              "context": null,
              "code": "const contrato = {\n  clientName: \"Empresa XPTO\",\n  value: 2500,\n  date: \"2025-11-05\"\n};\nconst res = await request(baseUrl)\n  .post(\"/api/contracts\")\n  .set(\"Authorization\", token)\n  .send(contrato);\nexpect([200, 201]).to.include(res.status);",
              "err": {},
              "uuid": "873749d4-244d-4879-b9d5-23e6c24149dd",
              "parentUUID": "eb9867fb-13f0-4fbe-99b2-c80483583cd5",
              "isHook": false,
              "skipped": false
            },
            {
              "title": " Deve falhar ao criar contrato sem token",
              "fullTitle": " Testes de Contratos  Deve falhar ao criar contrato sem token",
              "timedOut": false,
              "duration": 8,
              "state": "passed",
              "speed": "fast",
              "pass": true,
              "fail": false,
              "pending": false,
              "context": null,
              "code": "const contrato = {\n  clientName: \"Sem Token\",\n  value: 1000,\n  date: \"2025-11-05\"\n};\nconst res = await request(baseUrl)\n  .post(\"/api/contracts\")\n  .send(contrato);\nexpect([401, 403]).to.include(res.status);",
              "err": {},
              "uuid": "77ad3216-e6c3-4b43-b17c-b6bdcfefbd53",
              "parentUUID": "eb9867fb-13f0-4fbe-99b2-c80483583cd5",
              "isHook": false,
              "skipped": false
            },
            {
              "title": "Deve falhar ao criar contrato com dados inválidos",
              "fullTitle": " Testes de Contratos Deve falhar ao criar contrato com dados inválidos",
              "timedOut": false,
              "duration": 8,
              "state": "passed",
              "speed": "fast",
              "pass": true,
              "fail": false,
              "pending": false,
              "context": null,
              "code": "const contrato = { value: \"mil\" }; // campo faltando\nconst res = await request(baseUrl)\n  .post(\"/api/contracts\")\n  .set(\"Authorization\", token)\n  .send(contrato);\nexpect([400, 422]).to.include(res.status);",
              "err": {},
              "uuid": "b6644685-885e-4c3b-8fa6-44d76655bdbb",
              "parentUUID": "eb9867fb-13f0-4fbe-99b2-c80483583cd5",
              "isHook": false,
              "skipped": false
            },
            {
              "title": " Deve listar contratos (GET /api/contracts)",
              "fullTitle": " Testes de Contratos  Deve listar contratos (GET /api/contracts)",
              "timedOut": false,
              "duration": 7,
              "state": "passed",
              "speed": "fast",
              "pass": true,
              "fail": false,
              "pending": false,
              "context": null,
              "code": "const res = await request(baseUrl)\n  .get(\"/api/contracts\")\n  .set(\"Authorization\", token);\nexpect(res.status).to.equal(200);\nexpect(res.body).to.be.an(\"array\");",
              "err": {},
              "uuid": "27ca6c81-b7cc-4c0a-b4ce-b0ab45c5ba17",
              "parentUUID": "eb9867fb-13f0-4fbe-99b2-c80483583cd5",
              "isHook": false,
              "skipped": false
            },
            {
              "title": " Deve falhar ao listar contratos sem token",
              "fullTitle": " Testes de Contratos  Deve falhar ao listar contratos sem token",
              "timedOut": false,
              "duration": 4,
              "state": "passed",
              "speed": "fast",
              "pass": true,
              "fail": false,
              "pending": false,
              "context": null,
              "code": "const res = await request(baseUrl)\n  .get(\"/api/contracts\");\nexpect([401, 403]).to.include(res.status);",
              "err": {},
              "uuid": "8684efbc-f24e-4bd4-94cc-cda7175ad12a",
              "parentUUID": "eb9867fb-13f0-4fbe-99b2-c80483583cd5",
              "isHook": false,
              "skipped": false
            }
          ],
          "suites": [],
          "passes": [
            "873749d4-244d-4879-b9d5-23e6c24149dd",
            "77ad3216-e6c3-4b43-b17c-b6bdcfefbd53",
            "b6644685-885e-4c3b-8fa6-44d76655bdbb",
            "27ca6c81-b7cc-4c0a-b4ce-b0ab45c5ba17",
            "8684efbc-f24e-4bd4-94cc-cda7175ad12a"
          ],
          "failures": [],
          "pending": [],
          "skipped": [],
          "duration": 151,
          "root": false,
          "rootEmpty": false,
          "_timeout": 2000
        },
        {
          "uuid": "927713f0-e6d4-4799-ac64-e696ac81c70a",
          "title": " Testes de Emails",
          "fullFile": "C:\\Users\\Usuario\\OneDrive\\Área de Trabalho\\Projetos\\Projeto-de-Portifolio-Pessoal-M20\\tests\\email.test.js",
          "file": "\\tests\\email.test.js",
          "beforeHooks": [],
          "afterHooks": [],
          "tests": [
            {
              "title": " Deve enviar email (POST /api/emails/send)",
              "fullTitle": " Testes de Emails  Deve enviar email (POST /api/emails/send)",
              "timedOut": false,
              "duration": 31,
              "state": "passed",
              "speed": "fast",
              "pass": true,
              "fail": false,
              "pending": false,
              "context": null,
              "code": "const emailData = {\n  to: \"teste@example.com\",\n  subject: \"Teste automatizado\",\n  body: \"Mensagem de teste via API\"\n};\nconst res = await request(baseUrl)\n  .post(\"/api/emails/send\")\n  .set(\"Authorization\", token)\n  .send(emailData);\nexpect([200, 201, 202]).to.include(res.status);",
              "err": {},
              "uuid": "32ad2483-e121-4099-89dd-ea98bf7f1e30",
              "parentUUID": "927713f0-e6d4-4799-ac64-e696ac81c70a",
              "isHook": false,
              "skipped": false
            },
            {
              "title": " Deve falhar ao enviar email sem token",
              "fullTitle": " Testes de Emails  Deve falhar ao enviar email sem token",
              "timedOut": false,
              "duration": 5,
              "state": "passed",
              "speed": "fast",
              "pass": true,
              "fail": false,
              "pending": false,
              "context": null,
              "code": "const emailData = {\n  to: \"teste@example.com\",\n  subject: \"Falha de autenticação\",\n  body: \"Sem token\"\n};\nconst res = await request(baseUrl)\n  .post(\"/api/emails/send\")\n  .send(emailData);\nexpect([401, 403]).to.include(res.status);",
              "err": {},
              "uuid": "98779301-a2e5-4e13-a94c-977df0bf1972",
              "parentUUID": "927713f0-e6d4-4799-ac64-e696ac81c70a",
              "isHook": false,
              "skipped": false
            },
            {
              "title": " Deve falhar ao enviar email com dados faltando",
              "fullTitle": " Testes de Emails  Deve falhar ao enviar email com dados faltando",
              "timedOut": false,
              "duration": 5,
              "state": "passed",
              "speed": "fast",
              "pass": true,
              "fail": false,
              "pending": false,
              "context": null,
              "code": "const res = await request(baseUrl)\n  .post(\"/api/emails/send\")\n  .set(\"Authorization\", token)\n  .send({ to: \"\", subject: \"\", body: \"\" });\nexpect([400, 422]).to.include(res.status);",
              "err": {},
              "uuid": "f0d546b0-e8e9-4e43-be2a-5690f79c2af3",
              "parentUUID": "927713f0-e6d4-4799-ac64-e696ac81c70a",
              "isHook": false,
              "skipped": false
            },
            {
              "title": "Deve listar histórico de emails (GET /api/emails)",
              "fullTitle": " Testes de Emails Deve listar histórico de emails (GET /api/emails)",
              "timedOut": false,
              "duration": 6,
              "state": "passed",
              "speed": "fast",
              "pass": true,
              "fail": false,
              "pending": false,
              "context": null,
              "code": "const res = await request(baseUrl)\n  .get(\"/api/emails\")\n  .set(\"Authorization\", token);\nexpect(res.status).to.equal(200);\nexpect(res.body).to.be.an(\"array\");",
              "err": {},
              "uuid": "48a9b77b-e3ba-452d-8697-455b5a7cf52e",
              "parentUUID": "927713f0-e6d4-4799-ac64-e696ac81c70a",
              "isHook": false,
              "skipped": false
            },
            {
              "title": "Deve falhar ao listar emails sem token",
              "fullTitle": " Testes de Emails Deve falhar ao listar emails sem token",
              "timedOut": false,
              "duration": 17,
              "state": "passed",
              "speed": "fast",
              "pass": true,
              "fail": false,
              "pending": false,
              "context": null,
              "code": "const res = await request(baseUrl)\n  .get(\"/api/emails\");\nexpect([401, 403]).to.include(res.status);",
              "err": {},
              "uuid": "47ebc758-a88c-4039-b428-bb167dea64f1",
              "parentUUID": "927713f0-e6d4-4799-ac64-e696ac81c70a",
              "isHook": false,
              "skipped": false
            }
          ],
          "suites": [],
          "passes": [
            "32ad2483-e121-4099-89dd-ea98bf7f1e30",
            "98779301-a2e5-4e13-a94c-977df0bf1972",
            "f0d546b0-e8e9-4e43-be2a-5690f79c2af3",
            "48a9b77b-e3ba-452d-8697-455b5a7cf52e",
            "47ebc758-a88c-4039-b428-bb167dea64f1"
          ],
          "failures": [],
          "pending": [],
          "skipped": [],
          "duration": 64,
          "root": false,
          "rootEmpty": false,
          "_timeout": 2000
        },
        {
          "uuid": "34f2fd46-6973-424c-9e6a-fdd271e963af",
          "title": " Testes de Login",
          "fullFile": "C:\\Users\\Usuario\\OneDrive\\Área de Trabalho\\Projetos\\Projeto-de-Portifolio-Pessoal-M20\\tests\\login.test.js",
          "file": "\\tests\\login.test.js",
          "beforeHooks": [],
          "afterHooks": [],
          "tests": [
            {
              "title": " Deve logar com sucesso (POST /api/auth/login)",
              "fullTitle": " Testes de Login  Deve logar com sucesso (POST /api/auth/login)",
              "timedOut": false,
              "duration": 47,
              "state": "passed",
              "speed": "medium",
              "pass": true,
              "fail": false,
              "pending": false,
              "context": null,
              "code": "const res = await request(app)\n  .post(\"/api/auth/login\")\n  .send({\n    email: \"usuario@mail.com\", //email de teste\n    password: \"123456\"\n  });\nexpect(res.status).to.equal(200);\nexpect(res.body).to.have.property(\"token\", TEST_TOKEN);",
              "err": {},
              "uuid": "8e4e766a-9879-4e24-9cbb-aedcd9a2aaed",
              "parentUUID": "34f2fd46-6973-424c-9e6a-fdd271e963af",
              "isHook": false,
              "skipped": false
            },
            {
              "title": " Deve falhar ao logar com senha errada",
              "fullTitle": " Testes de Login  Deve falhar ao logar com senha errada",
              "timedOut": false,
              "duration": 6,
              "state": "passed",
              "speed": "fast",
              "pass": true,
              "fail": false,
              "pending": false,
              "context": null,
              "code": "const res = await request(app)\n  .post(\"/api/auth/login\")\n  .send({\n    email: \"usuario@mail.com\",\n    password: \"senha123456\"\n  });\nexpect([400, 401]).to.include(res.status);",
              "err": {},
              "uuid": "f496e2ea-f88e-4dbb-9209-58530c28be54",
              "parentUUID": "34f2fd46-6973-424c-9e6a-fdd271e963af",
              "isHook": false,
              "skipped": false
            },
            {
              "title": " Deve falhar ao logar com email inexistente",
              "fullTitle": " Testes de Login  Deve falhar ao logar com email inexistente",
              "timedOut": false,
              "duration": 5,
              "state": "passed",
              "speed": "fast",
              "pass": true,
              "fail": false,
              "pending": false,
              "context": null,
              "code": "const res = await request(app)\n  .post(\"/api/auth/login\")\n  .send({\n    email: \"yusfd@mail.com\",\n    password: \"123456\"\n  });\nexpect([400, 401, 404]).to.include(res.status);",
              "err": {},
              "uuid": "670eb8f2-3d58-4eee-b9ac-b07fbbb90557",
              "parentUUID": "34f2fd46-6973-424c-9e6a-fdd271e963af",
              "isHook": false,
              "skipped": false
            }
          ],
          "suites": [],
          "passes": [
            "8e4e766a-9879-4e24-9cbb-aedcd9a2aaed",
            "f496e2ea-f88e-4dbb-9209-58530c28be54",
            "670eb8f2-3d58-4eee-b9ac-b07fbbb90557"
          ],
          "failures": [],
          "pending": [],
          "skipped": [],
          "duration": 58,
          "root": false,
          "rootEmpty": false,
          "_timeout": 2000
        },
        {
          "uuid": "60a637a5-9637-423b-8e85-c8a8b191cace",
          "title": "Testes de Usuários",
          "fullFile": "C:\\Users\\Usuario\\OneDrive\\Área de Trabalho\\Projetos\\Projeto-de-Portifolio-Pessoal-M20\\tests\\users.test.js",
          "file": "\\tests\\users.test.js",
          "beforeHooks": [],
          "afterHooks": [],
          "tests": [
            {
              "title": " Deve registrar um novo usuário (POST /api/users)",
              "fullTitle": "Testes de Usuários  Deve registrar um novo usuário (POST /api/users)",
              "timedOut": false,
              "duration": 7,
              "state": "passed",
              "speed": "fast",
              "pass": true,
              "fail": false,
              "pending": false,
              "context": null,
              "code": "const userData = {\n  name: \"Carla Tester\",\n  email: `carla_${Date.now()}@mail.com`,\n  password: \"123456\"\n};\nconst res = await request(baseUrl)\n  .post(\"/api/users\")\n  .send(userData);\n\nexpect([200, 201]).to.include(res.status);",
              "err": {},
              "uuid": "d806e0ba-be3c-42c9-b451-813b8b1aa662",
              "parentUUID": "60a637a5-9637-423b-8e85-c8a8b191cace",
              "isHook": false,
              "skipped": false
            },
            {
              "title": " Deve listar usuários (GET /api/users)",
              "fullTitle": "Testes de Usuários  Deve listar usuários (GET /api/users)",
              "timedOut": false,
              "duration": 6,
              "state": "passed",
              "speed": "fast",
              "pass": true,
              "fail": false,
              "pending": false,
              "context": null,
              "code": "const res = await request(baseUrl)\n  .get(\"/api/users\")\n  .set(\"Authorization\", token); // usa o token fixo\nexpect(res.status).to.equal(200);\nexpect(res.body).to.be.an(\"array\");",
              "err": {},
              "uuid": "a29e9c55-c1c8-4b22-aafb-d94ffad053d6",
              "parentUUID": "60a637a5-9637-423b-8e85-c8a8b191cace",
              "isHook": false,
              "skipped": false
            },
            {
              "title": " Deve falhar ao listar usuários sem token",
              "fullTitle": "Testes de Usuários  Deve falhar ao listar usuários sem token",
              "timedOut": false,
              "duration": 3,
              "state": "passed",
              "speed": "fast",
              "pass": true,
              "fail": false,
              "pending": false,
              "context": null,
              "code": "const res = await request(baseUrl)\n  .get(\"/api/users\");\nexpect([401, 403]).to.include(res.status);",
              "err": {},
              "uuid": "67551236-504e-4bec-b5a2-86f235c6a982",
              "parentUUID": "60a637a5-9637-423b-8e85-c8a8b191cace",
              "isHook": false,
              "skipped": false
            }
          ],
          "suites": [],
          "passes": [
            "d806e0ba-be3c-42c9-b451-813b8b1aa662",
            "a29e9c55-c1c8-4b22-aafb-d94ffad053d6",
            "67551236-504e-4bec-b5a2-86f235c6a982"
          ],
          "failures": [],
          "pending": [],
          "skipped": [],
          "duration": 16,
          "root": false,
          "rootEmpty": false,
          "_timeout": 2000
        }
      ],
      "passes": [],
      "failures": [],
      "pending": [],
      "skipped": [],
      "duration": 0,
      "root": true,
      "rootEmpty": true,
      "_timeout": 2000
    }
  ],
  "meta": {
    "mocha": {
      "version": "11.7.5"
    },
    "mochawesome": {
      "options": {
        "quiet": false,
        "reportFilename": "mochawesome",
        "saveHtml": true,
        "saveJson": true,
        "consoleReporter": "spec",
        "useInlineDiffs": false,
        "code": true
      },
      "version": "7.1.4"
    },
    "marge": {
      "options": null,
      "version": "6.3.1"
    }
  }
}