{
  "stats": {
    "suites": 3,
    "tests": 13,
    "passes": 13,
    "pending": 0,
    "failures": 0,
    "start": "2025-11-08T00:00:25.654Z",
    "end": "2025-11-08T00:00:25.904Z",
    "duration": 250,
    "testsRegistered": 13,
    "passPercent": 100,
    "pendingPercent": 0,
    "other": 0,
    "hasOther": false,
    "skipped": 0,
    "hasSkipped": false
  },
  "results": [
    {
      "uuid": "6ed27bbd-2cbf-4ba7-b6ce-4aa3bc9aa2ac",
      "title": "",
      "fullFile": "",
      "file": "",
      "beforeHooks": [
        {
          "title": "\"before all\" hook in \"{root}\"",
          "fullTitle": "\"before all\" hook in \"{root}\"",
          "timedOut": false,
          "duration": 19,
          "state": null,
          "speed": null,
          "pass": false,
          "fail": false,
          "pending": false,
          "context": null,
          "code": "this.timeout(15000);\nconst port = Number(process.env.PORT || 3000);\ncheckPortInUse(port, (alive) => {\n\tif (alive) return done();\n\t// Não está rodando: inicia o servidor programaticamente via app.listen\n\tprocess.env.PORT = String(port);\n\tconst app = require('../src/app');\n\tconst server = app.listen(port, () => {\n\t\tdone();\n\t});\n\tserver.on('error', (err) => {\n\t\t// Se ainda assim houver EADDRINUSE, apenas siga em frente para não quebrar a suíte\n\t\tif (err && err.code === 'EADDRINUSE') return done();\n\t\tdone(err);\n\t});\n});",
          "err": {},
          "uuid": "6792b1d8-6338-4496-85f8-aadfd0a68c5e",
          "parentUUID": "6ed27bbd-2cbf-4ba7-b6ce-4aa3bc9aa2ac",
          "isHook": true,
          "skipped": false
        }
      ],
      "afterHooks": [],
      "tests": [],
      "suites": [
        {
          "uuid": "71ea0743-846f-4549-a9b4-b56750c14d7d",
          "title": " Testes de Contratos",
          "fullFile": "C:\\Users\\Usuario\\OneDrive\\Área de Trabalho\\Projetos\\Projeto-de-Portifolio-Pessoal-M20\\tests\\contracts.test.js",
          "file": "\\tests\\contracts.test.js",
          "beforeHooks": [],
          "afterHooks": [],
          "tests": [
            {
              "title": "Deve criar contrato (POST /api/contracts)",
              "fullTitle": " Testes de Contratos Deve criar contrato (POST /api/contracts)",
              "timedOut": false,
              "duration": 141,
              "state": "passed",
              "speed": "slow",
              "pass": true,
              "fail": false,
              "pending": false,
              "context": null,
              "code": "const contrato = {\n  clientName: \"Empresa XPTO\",\n  value: 2500,\n  date: \"2025-11-05\"\n};\nconst res = await request(baseUrl)\n  .post(\"/api/contracts\")\n  .set(\"Authorization\", token)\n  .send(contrato);\nexpect([200, 201]).to.include(res.status);",
              "err": {},
              "uuid": "c3f85184-57e9-4e3e-beb8-19b0279a262e",
              "parentUUID": "71ea0743-846f-4549-a9b4-b56750c14d7d",
              "isHook": false,
              "skipped": false
            },
            {
              "title": " Deve falhar ao criar contrato sem token",
              "fullTitle": " Testes de Contratos  Deve falhar ao criar contrato sem token",
              "timedOut": false,
              "duration": 5,
              "state": "passed",
              "speed": "fast",
              "pass": true,
              "fail": false,
              "pending": false,
              "context": null,
              "code": "const contrato = {\n  clientName: \"Sem Token\",\n  value: 1000,\n  date: \"2025-11-05\"\n};\nconst res = await request(baseUrl)\n  .post(\"/api/contracts\")\n  .send(contrato);\nexpect([401, 403]).to.include(res.status);",
              "err": {},
              "uuid": "d22a1343-8e91-4e44-87b4-15bdcc475290",
              "parentUUID": "71ea0743-846f-4549-a9b4-b56750c14d7d",
              "isHook": false,
              "skipped": false
            },
            {
              "title": "Deve falhar ao criar contrato com dados inválidos",
              "fullTitle": " Testes de Contratos Deve falhar ao criar contrato com dados inválidos",
              "timedOut": false,
              "duration": 4,
              "state": "passed",
              "speed": "fast",
              "pass": true,
              "fail": false,
              "pending": false,
              "context": null,
              "code": "const contrato = { value: \"mil\" }; // campo faltando\nconst res = await request(baseUrl)\n  .post(\"/api/contracts\")\n  .set(\"Authorization\", token)\n  .send(contrato);\nexpect([400, 422]).to.include(res.status);",
              "err": {},
              "uuid": "5271ff6f-4626-4b21-981f-b1332bc447df",
              "parentUUID": "71ea0743-846f-4549-a9b4-b56750c14d7d",
              "isHook": false,
              "skipped": false
            },
            {
              "title": " Deve listar contratos (GET /api/contracts)",
              "fullTitle": " Testes de Contratos  Deve listar contratos (GET /api/contracts)",
              "timedOut": false,
              "duration": 7,
              "state": "passed",
              "speed": "fast",
              "pass": true,
              "fail": false,
              "pending": false,
              "context": null,
              "code": "const res = await request(baseUrl)\n  .get(\"/api/contracts\")\n  .set(\"Authorization\", token);\nexpect(res.status).to.equal(200);\nexpect(res.body).to.be.an(\"array\");",
              "err": {},
              "uuid": "d4d93812-0e61-4313-89ba-afff12fa6b68",
              "parentUUID": "71ea0743-846f-4549-a9b4-b56750c14d7d",
              "isHook": false,
              "skipped": false
            },
            {
              "title": " Deve falhar ao listar contratos sem token",
              "fullTitle": " Testes de Contratos  Deve falhar ao listar contratos sem token",
              "timedOut": false,
              "duration": 6,
              "state": "passed",
              "speed": "fast",
              "pass": true,
              "fail": false,
              "pending": false,
              "context": null,
              "code": "const res = await request(baseUrl)\n  .get(\"/api/contracts\");\nexpect([401, 403]).to.include(res.status);",
              "err": {},
              "uuid": "e5e2ea5c-0773-42db-a0ff-5b8a7358f58c",
              "parentUUID": "71ea0743-846f-4549-a9b4-b56750c14d7d",
              "isHook": false,
              "skipped": false
            }
          ],
          "suites": [],
          "passes": [
            "c3f85184-57e9-4e3e-beb8-19b0279a262e",
            "d22a1343-8e91-4e44-87b4-15bdcc475290",
            "5271ff6f-4626-4b21-981f-b1332bc447df",
            "d4d93812-0e61-4313-89ba-afff12fa6b68",
            "e5e2ea5c-0773-42db-a0ff-5b8a7358f58c"
          ],
          "failures": [],
          "pending": [],
          "skipped": [],
          "duration": 163,
          "root": false,
          "rootEmpty": false,
          "_timeout": 5000
        },
        {
          "uuid": "f05937a1-bda1-4489-91b3-6b21cd95975e",
          "title": " Testes de Emails",
          "fullFile": "C:\\Users\\Usuario\\OneDrive\\Área de Trabalho\\Projetos\\Projeto-de-Portifolio-Pessoal-M20\\tests\\email.test.js",
          "file": "\\tests\\email.test.js",
          "beforeHooks": [],
          "afterHooks": [],
          "tests": [
            {
              "title": " Deve enviar email (POST /api/emails/send)",
              "fullTitle": " Testes de Emails  Deve enviar email (POST /api/emails/send)",
              "timedOut": false,
              "duration": 7,
              "state": "passed",
              "speed": "fast",
              "pass": true,
              "fail": false,
              "pending": false,
              "context": null,
              "code": "const emailData = {\n  to: \"teste@example.com\",\n  subject: \"Teste automatizado\",\n  body: \"Mensagem de teste via API\"\n};\nconst res = await request(baseUrl)\n  .post(\"/api/emails/send\")\n  .set(\"Authorization\", token)\n  .send(emailData);\nexpect([200, 201, 202]).to.include(res.status);",
              "err": {},
              "uuid": "32faf8a0-ff9c-4592-9185-d1d0498b4020",
              "parentUUID": "f05937a1-bda1-4489-91b3-6b21cd95975e",
              "isHook": false,
              "skipped": false
            },
            {
              "title": " Deve falhar ao enviar email sem token",
              "fullTitle": " Testes de Emails  Deve falhar ao enviar email sem token",
              "timedOut": false,
              "duration": 4,
              "state": "passed",
              "speed": "fast",
              "pass": true,
              "fail": false,
              "pending": false,
              "context": null,
              "code": "const emailData = {\n  to: \"teste@example.com\",\n  subject: \"Falha de autenticação\",\n  body: \"Sem token\"\n};\nconst res = await request(baseUrl)\n  .post(\"/api/emails/send\")\n  .send(emailData);\nexpect([401, 403]).to.include(res.status);",
              "err": {},
              "uuid": "5ed58465-593b-4105-84a3-69baec2057f7",
              "parentUUID": "f05937a1-bda1-4489-91b3-6b21cd95975e",
              "isHook": false,
              "skipped": false
            },
            {
              "title": " Deve falhar ao enviar email com dados faltando",
              "fullTitle": " Testes de Emails  Deve falhar ao enviar email com dados faltando",
              "timedOut": false,
              "duration": 4,
              "state": "passed",
              "speed": "fast",
              "pass": true,
              "fail": false,
              "pending": false,
              "context": null,
              "code": "const res = await request(baseUrl)\n  .post(\"/api/emails/send\")\n  .set(\"Authorization\", token)\n  .send({ to: \"\", subject: \"\", body: \"\" });\nexpect([400, 422]).to.include(res.status);",
              "err": {},
              "uuid": "b2c26dfd-2c21-4dab-83ad-2156fe5bea2b",
              "parentUUID": "f05937a1-bda1-4489-91b3-6b21cd95975e",
              "isHook": false,
              "skipped": false
            },
            {
              "title": "Deve listar histórico de emails (GET /api/emails)",
              "fullTitle": " Testes de Emails Deve listar histórico de emails (GET /api/emails)",
              "timedOut": false,
              "duration": 8,
              "state": "passed",
              "speed": "fast",
              "pass": true,
              "fail": false,
              "pending": false,
              "context": null,
              "code": "const res = await request(baseUrl)\n  .get(\"/api/emails\")\n  .set(\"Authorization\", token);\nexpect(res.status).to.equal(200);\nexpect(res.body).to.be.an(\"array\");",
              "err": {},
              "uuid": "031bd219-cd81-4f8f-add0-efe80246f7c1",
              "parentUUID": "f05937a1-bda1-4489-91b3-6b21cd95975e",
              "isHook": false,
              "skipped": false
            },
            {
              "title": "Deve falhar ao listar emails sem token",
              "fullTitle": " Testes de Emails Deve falhar ao listar emails sem token",
              "timedOut": false,
              "duration": 4,
              "state": "passed",
              "speed": "fast",
              "pass": true,
              "fail": false,
              "pending": false,
              "context": null,
              "code": "const res = await request(baseUrl)\n  .get(\"/api/emails\");\nexpect([401, 403]).to.include(res.status);",
              "err": {},
              "uuid": "b37d666a-a452-4354-9053-def3fca73bf5",
              "parentUUID": "f05937a1-bda1-4489-91b3-6b21cd95975e",
              "isHook": false,
              "skipped": false
            }
          ],
          "suites": [],
          "passes": [
            "32faf8a0-ff9c-4592-9185-d1d0498b4020",
            "5ed58465-593b-4105-84a3-69baec2057f7",
            "b2c26dfd-2c21-4dab-83ad-2156fe5bea2b",
            "031bd219-cd81-4f8f-add0-efe80246f7c1",
            "b37d666a-a452-4354-9053-def3fca73bf5"
          ],
          "failures": [],
          "pending": [],
          "skipped": [],
          "duration": 27,
          "root": false,
          "rootEmpty": false,
          "_timeout": 5000
        },
        {
          "uuid": "d33a9191-8585-4405-969a-a09b11a7cbc2",
          "title": "Testes de Usuários",
          "fullFile": "C:\\Users\\Usuario\\OneDrive\\Área de Trabalho\\Projetos\\Projeto-de-Portifolio-Pessoal-M20\\tests\\users.test.js",
          "file": "\\tests\\users.test.js",
          "beforeHooks": [],
          "afterHooks": [],
          "tests": [
            {
              "title": " Deve registrar um novo usuário (POST /api/users)",
              "fullTitle": "Testes de Usuários  Deve registrar um novo usuário (POST /api/users)",
              "timedOut": false,
              "duration": 5,
              "state": "passed",
              "speed": "fast",
              "pass": true,
              "fail": false,
              "pending": false,
              "context": null,
              "code": "const userData = {\n  name: \"Carla Tester\",\n  email: `carla_${Date.now()}@mail.com`,\n  password: \"123456\"\n};\nconst res = await request(baseUrl)\n  .post(\"/api/users\")\n  .send(userData);\n\nexpect([200, 201]).to.include(res.status);",
              "err": {},
              "uuid": "2cefe80d-4eb0-4aba-ad1e-5b58a969e2bd",
              "parentUUID": "d33a9191-8585-4405-969a-a09b11a7cbc2",
              "isHook": false,
              "skipped": false
            },
            {
              "title": " Deve listar usuários (GET /api/users)",
              "fullTitle": "Testes de Usuários  Deve listar usuários (GET /api/users)",
              "timedOut": false,
              "duration": 5,
              "state": "passed",
              "speed": "fast",
              "pass": true,
              "fail": false,
              "pending": false,
              "context": null,
              "code": "const res = await request(baseUrl)\n  .get(\"/api/users\")\n  .set(\"Authorization\", token); // usa o token fixo\nexpect(res.status).to.equal(200);\nexpect(res.body).to.be.an(\"array\");",
              "err": {},
              "uuid": "388bc816-cd0c-4368-9f00-b8f0d360f5ae",
              "parentUUID": "d33a9191-8585-4405-969a-a09b11a7cbc2",
              "isHook": false,
              "skipped": false
            },
            {
              "title": " Deve falhar ao listar usuários sem token",
              "fullTitle": "Testes de Usuários  Deve falhar ao listar usuários sem token",
              "timedOut": false,
              "duration": 3,
              "state": "passed",
              "speed": "fast",
              "pass": true,
              "fail": false,
              "pending": false,
              "context": null,
              "code": "const res = await request(baseUrl)\n  .get(\"/api/users\");\nexpect([401, 403]).to.include(res.status);",
              "err": {},
              "uuid": "23af0b73-165a-406c-a9bd-69c7378aad90",
              "parentUUID": "d33a9191-8585-4405-969a-a09b11a7cbc2",
              "isHook": false,
              "skipped": false
            }
          ],
          "suites": [],
          "passes": [
            "2cefe80d-4eb0-4aba-ad1e-5b58a969e2bd",
            "388bc816-cd0c-4368-9f00-b8f0d360f5ae",
            "23af0b73-165a-406c-a9bd-69c7378aad90"
          ],
          "failures": [],
          "pending": [],
          "skipped": [],
          "duration": 13,
          "root": false,
          "rootEmpty": false,
          "_timeout": 5000
        }
      ],
      "passes": [],
      "failures": [],
      "pending": [],
      "skipped": [],
      "duration": 0,
      "root": true,
      "rootEmpty": true,
      "_timeout": 5000
    }
  ],
  "meta": {
    "mocha": {
      "version": "11.7.5"
    },
    "mochawesome": {
      "options": {
        "quiet": false,
        "reportFilename": "mochawesome",
        "saveHtml": true,
        "saveJson": true,
        "consoleReporter": "spec",
        "useInlineDiffs": false,
        "code": true
      },
      "version": "7.1.4"
    },
    "marge": {
      "options": null,
      "version": "6.3.1"
    }
  }
}